[INFO ] 2023-03-19 18:39:05.220 [main] StepDef - setup executed....
[INFO ] 2023-03-19 18:39:05.325 [main] StepDef - User launch chrome browser
[INFO ] 2023-03-19 18:39:07.029 [main] StepDef - Url Open....
[INFO ] 2023-03-19 18:39:07.251 [main] StepDef - User enters email and password
[INFO ] 2023-03-19 18:39:11.790 [main] StepDef - User click on Login....
[INFO ] 2023-03-19 18:39:19.329 [main] StepDef - User close the browser...
[INFO ] 2023-03-19 18:39:20.370 [main] StepDef - setup executed....
[INFO ] 2023-03-19 18:39:20.378 [main] StepDef - User launch chrome browser
[INFO ] 2023-03-19 18:39:22.410 [main] StepDef - Url Open....
[INFO ] 2023-03-19 18:39:22.633 [main] StepDef - User enters email and password
[INFO ] 2023-03-19 18:39:25.527 [main] StepDef - User click on Login....
[INFO ] 2023-03-19 18:39:31.225 [main] StepDef - setup executed....
[INFO ] 2023-03-19 18:39:31.227 [main] StepDef - User launch chrome browser
[INFO ] 2023-03-19 18:39:32.766 [main] StepDef - Url Open....
[INFO ] 2023-03-19 18:39:32.985 [main] StepDef - User enters email and password
[INFO ] 2023-03-19 18:39:37.271 [main] StepDef - User click on Login....
[WARN ] 2023-03-19 18:39:37.282 [main] StepDef - Test Passed: Login feature page title matched
[INFO ] 2023-03-19 18:39:39.731 [main] StepDef - User Logged out....
[WARN ] 2023-03-19 18:39:39.743 [main] StepDef - Test Passed: Login feature page title matched
[INFO ] 2023-03-19 18:39:39.874 [main] StepDef - User close the browser...
[INFO ] 2023-03-19 18:39:40.929 [main] StepDef - setup executed....
[INFO ] 2023-03-19 18:39:40.933 [main] StepDef - User launch chrome browser
[INFO ] 2023-03-19 18:39:42.648 [main] StepDef - Url Open....
[INFO ] 2023-03-19 18:39:42.865 [main] StepDef - User enters email and password
[INFO ] 2023-03-19 18:39:44.025 [main] StepDef - User click on Login....
[WARN ] 2023-03-19 18:39:44.040 [main] StepDef - Test failed: Login feature page title not matched
[INFO ] 2023-03-20 15:34:22.334 [main] StepDef - setup executed....
[INFO ] 2023-03-20 15:34:22.449 [main] StepDef - User launch chrome browser
[INFO ] 2023-03-20 15:34:24.233 [main] StepDef - Url Open....
[INFO ] 2023-03-20 15:34:24.449 [main] StepDef - User enters email and password
[INFO ] 2023-03-20 15:34:27.688 [main] StepDef - User click on Login....
[INFO ] 2023-03-20 15:34:35.747 [main] StepDef - User close the browser...
[INFO ] 2023-03-20 15:34:36.864 [main] StepDef - setup executed....
[INFO ] 2023-03-20 15:34:36.870 [main] StepDef - User launch chrome browser
[INFO ] 2023-03-20 15:34:38.589 [main] StepDef - Url Open....
[INFO ] 2023-03-20 15:34:38.843 [main] StepDef - User enters email and password
[INFO ] 2023-03-20 15:34:43.560 [main] StepDef - User click on Login....
[INFO ] 2023-03-20 15:34:49.730 [main] StepDef - setup executed....
[INFO ] 2023-03-20 15:34:49.733 [main] StepDef - User launch chrome browser
[INFO ] 2023-03-20 15:34:51.729 [main] StepDef - Url Open....
[INFO ] 2023-03-20 15:34:51.958 [main] StepDef - User enters email and password
[INFO ] 2023-03-20 15:34:57.338 [main] StepDef - User click on Login....
[WARN ] 2023-03-20 15:34:57.353 [main] StepDef - Test Passed: Login feature page title matched
[INFO ] 2023-03-20 15:34:58.889 [main] StepDef - User Logged out....
[WARN ] 2023-03-20 15:34:58.902 [main] StepDef - Test Passed: Login feature page title matched
[INFO ] 2023-03-20 15:34:59.018 [main] StepDef - User close the browser...
[INFO ] 2023-03-20 15:35:00.190 [main] StepDef - setup executed....
[INFO ] 2023-03-20 15:35:00.197 [main] StepDef - User launch chrome browser
[INFO ] 2023-03-20 15:35:01.921 [main] StepDef - Url Open....
[INFO ] 2023-03-20 15:35:02.164 [main] StepDef - User enters email and password
[INFO ] 2023-03-20 15:35:02.776 [main] StepDef - User click on Login....
[WARN ] 2023-03-20 15:35:02.786 [main] StepDef - Test failed: Login feature page title not matched
[INFO ] 2023-03-26 22:24:45.173 [main] StepDef - setup executed....
[INFO ] 2023-03-26 22:24:45.306 [main] StepDef - User launch chrome browser
[INFO ] 2023-03-26 22:24:48.669 [main] StepDef - Url Open....
[INFO ] 2023-03-26 22:24:48.944 [main] StepDef - User enters email and password
[INFO ] 2023-03-26 22:24:51.969 [main] StepDef - User click on Login....
[WARN ] 2023-03-26 22:24:51.983 [main] StepDef - Test Passed: Login feature page title matched
[INFO ] 2023-03-26 22:24:53.532 [main] StepDef - User Logged out....
[WARN ] 2023-03-26 22:24:53.551 [main] StepDef - Test Passed: Login feature page title matched
[INFO ] 2023-03-26 22:24:53.680 [main] StepDef - User close the browser...
[INFO ] 2023-03-26 22:24:54.873 [main] StepDef - setup executed....
[INFO ] 2023-03-26 22:24:54.878 [main] StepDef - User launch chrome browser
[INFO ] 2023-03-26 22:24:56.562 [main] StepDef - Url Open....
[INFO ] 2023-03-26 22:24:56.790 [main] StepDef - User enters email and password
[INFO ] 2023-03-26 22:24:57.263 [main] StepDef - User click on Login....
[WARN ] 2023-03-26 22:24:57.274 [main] StepDef - Test failed: Login feature page title not matched
[INFO ] 2023-03-26 22:26:36.339 [main] StepDef - setup executed....
[INFO ] 2023-03-26 22:26:36.410 [main] StepDef - User launch chrome browser
[INFO ] 2023-03-26 22:26:38.095 [main] StepDef - Url Open....
[INFO ] 2023-03-26 22:26:38.338 [main] StepDef - User enters email and password
[INFO ] 2023-03-26 22:26:41.391 [main] StepDef - User click on Login....
[WARN ] 2023-03-26 22:26:41.406 [main] StepDef - Test Passed: Login feature page title matched
[INFO ] 2023-03-26 22:26:42.947 [main] StepDef - User Logged out....
[WARN ] 2023-03-26 22:26:42.959 [main] StepDef - Test Passed: Login feature page title matched
[INFO ] 2023-03-26 22:26:43.076 [main] StepDef - User close the browser...
[INFO ] 2023-03-26 22:26:44.195 [main] StepDef - setup executed....
[INFO ] 2023-03-26 22:26:44.202 [main] StepDef - User launch chrome browser
[INFO ] 2023-03-26 22:26:46.153 [main] StepDef - Url Open....
[INFO ] 2023-03-26 22:26:46.374 [main] StepDef - User enters email and password
[INFO ] 2023-03-26 22:26:46.890 [main] StepDef - User click on Login....
[WARN ] 2023-03-26 22:26:46.900 [main] StepDef - Test failed: Login feature page title not matched
[INFO ] 2023-04-01 13:56:20.305 [main] StepDef - setup executed....
[INFO ] 2023-04-01 13:56:20.490 [main] StepDef - User launch chrome browser
[INFO ] 2023-04-01 13:56:22.387 [main] StepDef - Url Open....
[INFO ] 2023-04-01 13:56:22.621 [main] StepDef - User enters email and password
[INFO ] 2023-04-01 13:56:25.981 [main] StepDef - User click on Login....
[WARN ] 2023-04-01 13:56:25.998 [main] StepDef - Test Passed: Login feature page title matched
[INFO ] 2023-04-01 13:56:27.641 [main] StepDef - User Logged out....
[WARN ] 2023-04-01 13:56:27.653 [main] StepDef - Test Passed: Login feature page title matched
[INFO ] 2023-04-01 13:56:27.781 [main] StepDef - User close the browser...
[INFO ] 2023-04-01 13:56:29.022 [main] StepDef - setup executed....
[INFO ] 2023-04-01 13:56:29.028 [main] StepDef - User launch chrome browser
[INFO ] 2023-04-01 13:56:30.059 [main] StepDef - Url Open....
[INFO ] 2023-04-01 13:56:30.301 [main] StepDef - User enters email and password
[INFO ] 2023-04-01 13:56:30.911 [main] StepDef - User click on Login....
[WARN ] 2023-04-01 13:56:30.921 [main] StepDef - Test failed: Login feature page title not matched
[INFO ] 2023-04-01 13:59:39.805 [main] StepDef - setup executed....
[INFO ] 2023-04-01 13:59:39.925 [main] StepDef - User launch chrome browser
[INFO ] 2023-04-01 13:59:41.587 [main] StepDef - Url Open....
[INFO ] 2023-04-01 13:59:41.813 [main] StepDef - User enters email and password
[INFO ] 2023-04-01 13:59:45.267 [main] StepDef - User click on Login....
[WARN ] 2023-04-01 13:59:45.283 [main] StepDef - Test Passed: Login feature page title matched
[INFO ] 2023-04-01 13:59:47.029 [main] StepDef - User Logged out....
[WARN ] 2023-04-01 13:59:47.039 [main] StepDef - Test Passed: Login feature page title matched
[INFO ] 2023-04-01 13:59:47.160 [main] StepDef - User close the browser...
[INFO ] 2023-04-01 13:59:48.353 [main] StepDef - setup executed....
[INFO ] 2023-04-01 13:59:48.359 [main] StepDef - User launch chrome browser
[INFO ] 2023-04-01 13:59:50.048 [main] StepDef - Url Open....
[INFO ] 2023-04-01 13:59:50.306 [main] StepDef - User enters email and password
[INFO ] 2023-04-01 13:59:50.866 [main] StepDef - User click on Login....
[WARN ] 2023-04-01 13:59:50.878 [main] StepDef - Test failed: Login feature page title not matched
[INFO ] 2023-04-01 14:03:10.351 [main] StepDef - setup executed....
[INFO ] 2023-04-01 14:03:10.485 [main] StepDef - User launch chrome browser
[INFO ] 2023-04-01 14:03:12.228 [main] StepDef - Url Open....
[INFO ] 2023-04-01 14:03:12.458 [main] StepDef - User enters email and password
[INFO ] 2023-04-01 14:03:15.559 [main] StepDef - User click on Login....
[INFO ] 2023-04-01 14:03:23.158 [main] StepDef - User close the browser...
[INFO ] 2023-04-01 14:03:24.369 [main] StepDef - setup executed....
[INFO ] 2023-04-01 14:03:24.372 [main] StepDef - User launch chrome browser
[INFO ] 2023-04-01 14:03:26.222 [main] StepDef - Url Open....
[INFO ] 2023-04-01 14:03:26.488 [main] StepDef - User enters email and password
[INFO ] 2023-04-01 14:03:29.583 [main] StepDef - User click on Login....
[INFO ] 2023-04-01 14:03:35.958 [main] StepDef - setup executed....
[INFO ] 2023-04-01 14:03:35.963 [main] StepDef - User launch chrome browser
[INFO ] 2023-04-01 14:03:37.583 [main] StepDef - Url Open....
[INFO ] 2023-04-01 14:03:37.820 [main] StepDef - User enters email and password
[INFO ] 2023-04-01 14:03:40.770 [main] StepDef - User click on Login....
[WARN ] 2023-04-01 14:03:40.777 [main] StepDef - Test Passed: Login feature page title matched
[INFO ] 2023-04-01 14:03:42.342 [main] StepDef - User Logged out....
[WARN ] 2023-04-01 14:03:42.350 [main] StepDef - Test Passed: Login feature page title matched
[INFO ] 2023-04-01 14:03:42.462 [main] StepDef - User close the browser...
[INFO ] 2023-04-01 14:03:43.619 [main] StepDef - setup executed....
[INFO ] 2023-04-01 14:03:43.623 [main] StepDef - User launch chrome browser
[INFO ] 2023-04-01 14:03:44.620 [main] StepDef - Url Open....
[INFO ] 2023-04-01 14:03:44.886 [main] StepDef - User enters email and password
[INFO ] 2023-04-01 14:03:45.354 [main] StepDef - User click on Login....
[WARN ] 2023-04-01 14:03:45.364 [main] StepDef - Test failed: Login feature page title not matched
[INFO ] 2023-04-01 14:12:37.496 [main] StepDef - setup executed....
[INFO ] 2023-04-01 14:12:37.628 [main] StepDef - User launch chrome browser
[INFO ] 2023-04-01 14:12:39.597 [main] StepDef - Url Open....
[INFO ] 2023-04-01 14:12:39.976 [main] StepDef - User enters email and password
[INFO ] 2023-04-01 14:12:43.987 [main] StepDef - User click on Login....
[INFO ] 2023-04-01 14:12:53.233 [main] StepDef - User close the browser...
[INFO ] 2023-04-01 14:12:54.412 [main] StepDef - setup executed....
[INFO ] 2023-04-01 14:12:54.417 [main] StepDef - User launch chrome browser
[INFO ] 2023-04-01 14:12:56.450 [main] StepDef - Url Open....
[INFO ] 2023-04-01 14:12:56.837 [main] StepDef - User enters email and password
[INFO ] 2023-04-01 14:13:00.359 [main] StepDef - User click on Login....
[INFO ] 2023-04-01 14:13:08.217 [main] StepDef - setup executed....
[INFO ] 2023-04-01 14:13:08.220 [main] StepDef - User launch chrome browser
[INFO ] 2023-04-01 14:13:11.060 [main] StepDef - Url Open....
[INFO ] 2023-04-01 14:13:11.418 [main] StepDef - User enters email and password
[INFO ] 2023-04-01 14:13:16.012 [main] StepDef - User click on Login....
[WARN ] 2023-04-01 14:13:16.177 [main] StepDef - Test Passed: Login feature page title matched
[INFO ] 2023-04-01 14:13:18.530 [main] StepDef - User Logged out....
[WARN ] 2023-04-01 14:13:18.702 [main] StepDef - Test Passed: Login feature page title matched
[INFO ] 2023-04-01 14:13:18.932 [main] StepDef - User close the browser...
[INFO ] 2023-04-01 14:13:20.124 [main] StepDef - setup executed....
[INFO ] 2023-04-01 14:13:20.128 [main] StepDef - User launch chrome browser
[INFO ] 2023-04-01 14:13:23.670 [main] StepDef - Url Open....
[INFO ] 2023-04-01 14:13:24.076 [main] StepDef - User enters email and password
[INFO ] 2023-04-01 14:13:25.403 [main] StepDef - User click on Login....
[WARN ] 2023-04-01 14:13:25.571 [main] StepDef - Test failed: Login feature page title not matched
[INFO ] 2023-04-01 14:20:06.767 [main] StepDef - setup executed....
[INFO ] 2023-04-01 14:20:06.850 [main] StepDef - User launch chrome browser
[INFO ] 2023-04-01 14:20:08.690 [main] StepDef - Url Open....
[INFO ] 2023-04-01 14:20:09.041 [main] StepDef - User enters email and password
[INFO ] 2023-04-01 14:20:12.059 [main] StepDef - User click on Login....
[WARN ] 2023-04-01 14:20:12.288 [main] StepDef - Test Passed: Login feature page title matched
[INFO ] 2023-04-01 14:20:13.926 [main] StepDef - User Logged out....
[WARN ] 2023-04-01 14:20:14.133 [main] StepDef - Test Passed: Login feature page title matched
[INFO ] 2023-04-01 14:20:14.416 [main] StepDef - User close the browser...
[INFO ] 2023-04-01 14:20:15.596 [main] StepDef - setup executed....
[INFO ] 2023-04-01 14:20:15.602 [main] StepDef - User launch chrome browser
[INFO ] 2023-04-01 14:20:17.400 [main] StepDef - Url Open....
[INFO ] 2023-04-01 14:20:17.785 [main] StepDef - User enters email and password
[INFO ] 2023-04-01 14:20:18.370 [main] StepDef - User click on Login....
[WARN ] 2023-04-01 14:20:18.559 [main] StepDef - Test failed: Login feature page title not matched
[INFO ] 2023-04-01 14:24:48.067 [main] StepDef - setup executed....
[INFO ] 2023-04-01 14:24:48.154 [main] StepDef - User launch chrome browser
[INFO ] 2023-04-01 14:24:50.016 [main] StepDef - Url Open....
[INFO ] 2023-04-01 14:24:50.384 [main] StepDef - User enters email and password
[INFO ] 2023-04-01 14:24:53.462 [main] StepDef - User click on Login....
[WARN ] 2023-04-01 14:24:53.690 [main] StepDef - Test Passed: Login feature page title matched
[INFO ] 2023-04-01 14:24:55.491 [main] StepDef - User Logged out....
[WARN ] 2023-04-01 14:24:55.697 [main] StepDef - Test Passed: Login feature page title matched
[INFO ] 2023-04-01 14:24:55.992 [main] StepDef - User close the browser...
[INFO ] 2023-04-01 14:24:57.297 [main] StepDef - setup executed....
[INFO ] 2023-04-01 14:24:57.300 [main] StepDef - User launch chrome browser
[INFO ] 2023-04-01 14:24:59.207 [main] StepDef - Url Open....
[INFO ] 2023-04-01 14:24:59.611 [main] StepDef - User enters email and password
[INFO ] 2023-04-01 14:25:01.488 [main] StepDef - User click on Login....
[WARN ] 2023-04-01 14:25:01.627 [main] StepDef - Test failed: Login feature page title not matched
[INFO ] 2023-04-01 14:30:11.363 [main] StepDef - setup executed....
[INFO ] 2023-04-01 14:30:11.429 [main] StepDef - User launch chrome browser
[INFO ] 2023-04-01 14:30:13.283 [main] StepDef - Url Open....
[INFO ] 2023-04-01 14:30:13.595 [main] StepDef - User enters email and password
[INFO ] 2023-04-01 14:30:18.389 [main] StepDef - User click on Login....
[WARN ] 2023-04-01 14:30:18.534 [main] StepDef - Test Passed: Login feature page title matched
[INFO ] 2023-04-01 14:30:21.427 [main] StepDef - User Logged out....
[WARN ] 2023-04-01 14:30:21.561 [main] StepDef - Test Passed: Login feature page title matched
[INFO ] 2023-04-01 14:30:21.784 [main] StepDef - User close the browser...
[INFO ] 2023-04-01 14:30:22.752 [main] StepDef - setup executed....
[INFO ] 2023-04-01 14:30:22.756 [main] StepDef - User launch chrome browser
[INFO ] 2023-04-01 14:30:25.559 [main] StepDef - Url Open....
[INFO ] 2023-04-01 14:30:25.863 [main] StepDef - User enters email and password
[INFO ] 2023-04-01 14:30:27.379 [main] StepDef - User click on Login....
[WARN ] 2023-04-01 14:30:27.511 [main] StepDef - Test failed: Login feature page title not matched
[INFO ] 2023-04-01 15:01:02.106 [main] StepDef - setup executed....
[INFO ] 2023-04-01 15:01:02.157 [main] StepDef - User launch chrome browser
[INFO ] 2023-04-01 15:01:04.008 [main] StepDef - Url Open....
[INFO ] 2023-04-01 15:01:04.322 [main] StepDef - User enters email and password
[INFO ] 2023-04-01 15:01:07.171 [main] StepDef - User click on Login....
[WARN ] 2023-04-01 15:01:07.337 [main] StepDef - Test Passed: Login feature page title matched
[INFO ] 2023-04-01 15:01:09.062 [main] StepDef - User Logged out....
[WARN ] 2023-04-01 15:01:09.198 [main] StepDef - Test Passed: Login feature page title matched
[INFO ] 2023-04-01 15:01:09.450 [main] StepDef - User close the browser...
[INFO ] 2023-04-01 15:01:10.403 [main] StepDef - setup executed....
[INFO ] 2023-04-01 15:01:10.405 [main] StepDef - User launch chrome browser
[INFO ] 2023-04-01 15:01:12.243 [main] StepDef - Url Open....
[INFO ] 2023-04-01 15:01:12.554 [main] StepDef - User enters email and password
[INFO ] 2023-04-01 15:01:13.827 [main] StepDef - User click on Login....
[WARN ] 2023-04-01 15:01:13.960 [main] StepDef - Test failed: Login feature page title not matched
[INFO ] 2023-04-01 17:10:15.916 [main] StepDef - setup executed....
[INFO ] 2023-04-01 17:10:15.974 [main] StepDef - User launch chrome browser
[INFO ] 2023-04-01 17:10:17.823 [main] StepDef - Url Open....
[INFO ] 2023-04-01 17:10:18.033 [main] StepDef - User enters email and password
[INFO ] 2023-04-01 17:10:21.009 [main] StepDef - User click on Login....
[WARN ] 2023-04-01 17:10:21.020 [main] StepDef - Test Passed: Login feature page title matched
[INFO ] 2023-04-01 17:10:22.723 [main] StepDef - User Logged out....
[WARN ] 2023-04-01 17:10:22.735 [main] StepDef - Test Passed: Login feature page title matched
[INFO ] 2023-04-01 17:10:22.854 [main] StepDef - User close the browser...
[INFO ] 2023-04-01 17:10:23.891 [main] StepDef - setup executed....
[INFO ] 2023-04-01 17:10:23.895 [main] StepDef - User launch chrome browser
[INFO ] 2023-04-01 17:10:25.500 [main] StepDef - Url Open....
[INFO ] 2023-04-01 17:10:25.683 [main] StepDef - User enters email and password
[INFO ] 2023-04-01 17:10:26.133 [main] StepDef - User click on Login....
[WARN ] 2023-04-01 17:10:26.141 [main] StepDef - Test failed: Login feature page title not matched
[INFO ] 2023-04-01 17:13:47.910 [main] StepDef - setup executed....
[INFO ] 2023-04-01 17:13:47.972 [main] StepDef - User launch chrome browser
[INFO ] 2023-04-01 17:13:49.659 [main] StepDef - Url Open....
[INFO ] 2023-04-01 17:13:49.878 [main] StepDef - User enters email and password
[INFO ] 2023-04-01 17:13:52.690 [main] StepDef - User click on Login....
[WARN ] 2023-04-01 17:13:52.703 [main] StepDef - Test Passed: Login feature page title matched
[INFO ] 2023-04-01 17:13:54.224 [main] StepDef - User Logged out....
[WARN ] 2023-04-01 17:13:54.236 [main] StepDef - Test Passed: Login feature page title matched
[INFO ] 2023-04-01 17:13:54.367 [main] StepDef - User close the browser...
[INFO ] 2023-04-01 17:13:55.386 [main] StepDef - setup executed....
[INFO ] 2023-04-01 17:13:55.391 [main] StepDef - User launch chrome browser
[INFO ] 2023-04-01 17:13:57.081 [main] StepDef - Url Open....
[INFO ] 2023-04-01 17:13:57.271 [main] StepDef - User enters email and password
[INFO ] 2023-04-01 17:13:57.712 [main] StepDef - User click on Login....
[WARN ] 2023-04-01 17:13:57.719 [main] StepDef - Test failed: Login feature page title not matched
[INFO ] 2023-04-01 17:18:37.547 [main] StepDef - setup executed....
[INFO ] 2023-04-01 17:18:37.607 [main] StepDef - User launch chrome browser
[INFO ] 2023-04-01 17:18:39.274 [main] StepDef - Url Open....
[INFO ] 2023-04-01 17:18:39.501 [main] StepDef - User enters email and password
[INFO ] 2023-04-01 17:18:42.321 [main] StepDef - User click on Login....
[WARN ] 2023-04-01 17:18:42.330 [main] StepDef - Test Passed: Login feature page title matched
[INFO ] 2023-04-01 17:18:44.028 [main] StepDef - User Logged out....
[WARN ] 2023-04-01 17:18:44.041 [main] StepDef - Test Passed: Login feature page title matched
[INFO ] 2023-04-01 17:18:44.153 [main] StepDef - User close the browser...
[INFO ] 2023-04-01 17:18:45.139 [main] StepDef - setup executed....
[INFO ] 2023-04-01 17:18:45.141 [main] StepDef - User launch chrome browser
[INFO ] 2023-04-01 17:18:46.759 [main] StepDef - Url Open....
[INFO ] 2023-04-01 17:18:46.954 [main] StepDef - User enters email and password
[INFO ] 2023-04-01 17:18:48.121 [main] StepDef - User click on Login....
[WARN ] 2023-04-01 17:18:48.130 [main] StepDef - Test failed: Login feature page title not matched
